{"/Users/Samir.Thaker/All Demo Projects/Jest-Unit-Test-Project/JEST-html-report-advance/subtract.js": {"path":"/Users/Samir.Thaker/All Demo Projects/Jest-Unit-Test-Project/JEST-html-report-advance/subtract.js","statementMap":{"0":{"start":{"line":2,"column":4},"end":{"line":2,"column":17}},"1":{"start":{"line":4,"column":2},"end":{"line":4,"column":23}}},"fnMap":{"0":{"name":"sum","decl":{"start":{"line":1,"column":9},"end":{"line":1,"column":12}},"loc":{"start":{"line":1,"column":19},"end":{"line":3,"column":3}},"line":1}},"branchMap":{},"s":{"0":2,"1":1},"f":{"0":2},"b":{},"_coverageSchema":"1a1c01bbd47fc00a2c39e90264f33305004495a9","hash":"e0c3754c57ffd7ee634b0635e70b75324938b188"}
,"/Users/Samir.Thaker/All Demo Projects/Jest-Unit-Test-Project/JEST-html-report-advance/sum.js": {"path":"/Users/Samir.Thaker/All Demo Projects/Jest-Unit-Test-Project/JEST-html-report-advance/sum.js","statementMap":{"0":{"start":{"line":2,"column":4},"end":{"line":2,"column":17}},"1":{"start":{"line":4,"column":2},"end":{"line":4,"column":23}}},"fnMap":{"0":{"name":"sum","decl":{"start":{"line":1,"column":9},"end":{"line":1,"column":12}},"loc":{"start":{"line":1,"column":19},"end":{"line":3,"column":3}},"line":1}},"branchMap":{},"s":{"0":2,"1":1},"f":{"0":2},"b":{},"_coverageSchema":"1a1c01bbd47fc00a2c39e90264f33305004495a9","hash":"4a6764fea5cf84307bca3014c6b71cfa769148be"}
}
