{"/Users/Samir.Thaker/All Demo Projects/Jest-Unit-Test-Project/JEST-html-report-advance/src/calculatorApp/multiply/multiply.js": {"path":"/Users/Samir.Thaker/All Demo Projects/Jest-Unit-Test-Project/JEST-html-report-advance/src/calculatorApp/multiply/multiply.js","statementMap":{"0":{"start":{"line":2,"column":4},"end":{"line":2,"column":17}},"1":{"start":{"line":4,"column":2},"end":{"line":4,"column":28}}},"fnMap":{"0":{"name":"multiply","decl":{"start":{"line":1,"column":9},"end":{"line":1,"column":17}},"loc":{"start":{"line":1,"column":24},"end":{"line":3,"column":3}},"line":1}},"branchMap":{},"s":{"0":1,"1":1},"f":{"0":1},"b":{},"_coverageSchema":"1a1c01bbd47fc00a2c39e90264f33305004495a9","hash":"08841b24e320b06f53d61c887dd0557489d8ae5d"}
,"/Users/Samir.Thaker/All Demo Projects/Jest-Unit-Test-Project/JEST-html-report-advance/src/calculatorApp/subtraction/subtract.js": {"path":"/Users/Samir.Thaker/All Demo Projects/Jest-Unit-Test-Project/JEST-html-report-advance/src/calculatorApp/subtraction/subtract.js","statementMap":{"0":{"start":{"line":2,"column":4},"end":{"line":2,"column":17}},"1":{"start":{"line":4,"column":2},"end":{"line":4,"column":23}}},"fnMap":{"0":{"name":"sum","decl":{"start":{"line":1,"column":9},"end":{"line":1,"column":12}},"loc":{"start":{"line":1,"column":19},"end":{"line":3,"column":3}},"line":1}},"branchMap":{},"s":{"0":2,"1":1},"f":{"0":2},"b":{},"_coverageSchema":"1a1c01bbd47fc00a2c39e90264f33305004495a9","hash":"7cf6e45304a55530ec01fd2e69900d6e818f48c6"}
,"/Users/Samir.Thaker/All Demo Projects/Jest-Unit-Test-Project/JEST-html-report-advance/src/calculatorApp/sum/sum.js": {"path":"/Users/Samir.Thaker/All Demo Projects/Jest-Unit-Test-Project/JEST-html-report-advance/src/calculatorApp/sum/sum.js","statementMap":{"0":{"start":{"line":2,"column":4},"end":{"line":2,"column":17}},"1":{"start":{"line":4,"column":2},"end":{"line":4,"column":23}}},"fnMap":{"0":{"name":"sum","decl":{"start":{"line":1,"column":9},"end":{"line":1,"column":12}},"loc":{"start":{"line":1,"column":19},"end":{"line":3,"column":3}},"line":1}},"branchMap":{},"s":{"0":2,"1":1},"f":{"0":2},"b":{},"_coverageSchema":"1a1c01bbd47fc00a2c39e90264f33305004495a9","hash":"7a61aeca70870d04b24e83a775ee900df632af8e"}
}
