TN:
SF:src/calculatorApp/divide/divide.js
FN:1,divide
FNF:1
FNH:0
FNDA:0,divide
DA:2,0
DA:4,0
LF:2
LH:0
BRF:0
BRH:0
end_of_record
TN:
SF:src/calculatorApp/multiply/multiply.js
FN:1,multiply
FNF:1
FNH:1
FNDA:2,multiply
DA:2,2
DA:4,1
LF:2
LH:2
BRF:0
BRH:0
end_of_record
TN:
SF:src/calculatorApp/subtraction/subtract.js
FN:1,subtract
FNF:1
FNH:1
FNDA:2,subtract
DA:2,2
DA:4,1
LF:2
LH:2
BRF:0
BRH:0
end_of_record
TN:
SF:src/calculatorApp/sum/sum.js
FN:1,sum
FNF:1
FNH:1
FNDA:2,sum
DA:2,2
DA:4,1
LF:2
LH:2
BRF:0
BRH:0
end_of_record
